<?xml version="1.0" encoding="UTF-8"?>
<coverage generated="1611187405431" clover="3.2.0">
  <project timestamp="1611187405431" name="All files">
    <metrics statements="88" coveredstatements="56" conditionals="24" coveredconditionals="12" methods="25" coveredmethods="10" elements="137" coveredelements="78" complexity="0" loc="88" ncloc="88" packages="1" files="4" classes="4"/>
    <file name="carousel.jsx" path="/Users/mariaward/Documents/carousel-service/client/components/carousel.jsx">
      <metrics statements="22" coveredstatements="15" conditionals="10" coveredconditionals="5" methods="6" coveredmethods="3"/>
      <line num="9" count="2" type="stmt"/>
      <line num="17" count="2" type="stmt"/>
      <line num="29" count="2" type="stmt"/>
      <line num="35" count="1" type="stmt"/>
      <line num="38" count="2" type="stmt"/>
      <line num="64" count="2" type="stmt"/>
      <line num="68" count="2" type="stmt"/>
      <line num="75" count="2" type="stmt"/>
      <line num="76" count="2" type="stmt"/>
      <line num="77" count="2" type="stmt"/>
      <line num="78" count="2" type="cond" truecount="1" falsecount="1"/>
      <line num="79" count="0" type="stmt"/>
      <line num="81" count="2" type="cond" truecount="1" falsecount="1"/>
      <line num="82" count="0" type="stmt"/>
      <line num="84" count="2" type="cond" truecount="1" falsecount="1"/>
      <line num="85" count="0" type="stmt"/>
      <line num="86" count="0" type="stmt"/>
      <line num="88" count="2" type="stmt"/>
      <line num="90" count="0" type="cond" truecount="1" falsecount="1"/>
      <line num="91" count="0" type="stmt"/>
      <line num="94" count="2" type="stmt"/>
      <line num="99" count="0" type="cond" truecount="1" falsecount="1"/>
    </file>
    <file name="container.jsx" path="/Users/mariaward/Documents/carousel-service/client/components/container.jsx">
      <metrics statements="39" coveredstatements="16" conditionals="6" coveredconditionals="0" methods="15" coveredmethods="5"/>
      <line num="7" count="1" type="stmt"/>
      <line num="13" count="1" type="stmt"/>
      <line num="21" count="2" type="stmt"/>
      <line num="22" count="2" type="stmt"/>
      <line num="30" count="2" type="stmt"/>
      <line num="31" count="2" type="stmt"/>
      <line num="32" count="2" type="stmt"/>
      <line num="33" count="2" type="stmt"/>
      <line num="34" count="2" type="stmt"/>
      <line num="35" count="2" type="stmt"/>
      <line num="40" count="2" type="stmt"/>
      <line num="41" count="2" type="stmt"/>
      <line num="45" count="2" type="stmt"/>
      <line num="47" count="0" type="stmt"/>
      <line num="48" count="0" type="stmt"/>
      <line num="53" count="0" type="stmt"/>
      <line num="58" count="2" type="stmt"/>
      <line num="60" count="0" type="stmt"/>
      <line num="61" count="0" type="stmt"/>
      <line num="66" count="0" type="stmt"/>
      <line num="71" count="0" type="stmt"/>
      <line num="73" count="0" type="stmt"/>
      <line num="74" count="0" type="stmt"/>
      <line num="77" count="0" type="stmt"/>
      <line num="82" count="0" type="stmt"/>
      <line num="83" count="0" type="cond" truecount="0" falsecount="2"/>
      <line num="84" count="0" type="stmt"/>
      <line num="86" count="0" type="stmt"/>
      <line num="90" count="0" type="stmt"/>
      <line num="91" count="0" type="stmt"/>
      <line num="98" count="0" type="cond" truecount="0" falsecount="2"/>
      <line num="99" count="0" type="stmt"/>
      <line num="101" count="0" type="stmt"/>
      <line num="102" count="0" type="stmt"/>
      <line num="103" count="0" type="stmt"/>
      <line num="107" count="0" type="cond" truecount="0" falsecount="2"/>
      <line num="108" count="0" type="stmt"/>
      <line num="115" count="2" type="stmt"/>
      <line num="116" count="2" type="stmt"/>
    </file>
    <file name="endCard.jsx" path="/Users/mariaward/Documents/carousel-service/client/components/endCard.jsx">
      <metrics statements="8" coveredstatements="8" conditionals="0" coveredconditionals="0" methods="1" coveredmethods="1"/>
      <line num="6" count="3" type="stmt"/>
      <line num="20" count="3" type="stmt"/>
      <line num="29" count="3" type="stmt"/>
      <line num="37" count="3" type="stmt"/>
      <line num="49" count="3" type="stmt"/>
      <line num="57" count="3" type="stmt"/>
      <line num="80" count="3" type="stmt"/>
      <line num="81" count="3" type="stmt"/>
    </file>
    <file name="item.jsx" path="/Users/mariaward/Documents/carousel-service/client/components/item.jsx">
      <metrics statements="19" coveredstatements="17" conditionals="8" coveredconditionals="7" methods="3" coveredmethods="1"/>
      <line num="13" count="3" type="stmt"/>
      <line num="16" count="3" type="stmt"/>
      <line num="20" count="3" type="stmt"/>
      <line num="38" count="3" type="stmt"/>
      <line num="47" count="3" type="stmt"/>
      <line num="56" count="3" type="stmt"/>
      <line num="65" count="3" type="stmt"/>
      <line num="69" count="3" type="stmt"/>
      <line num="73" count="3" type="stmt"/>
      <line num="77" count="3" type="stmt"/>
      <line num="90" count="3" type="stmt"/>
      <line num="99" count="3" type="stmt"/>
      <line num="112" count="3" type="stmt"/>
      <line num="121" count="3" type="stmt"/>
      <line num="134" count="3" type="stmt"/>
      <line num="144" count="3" type="stmt"/>
      <line num="145" count="5" type="stmt"/>
      <line num="150" count="0" type="stmt"/>
      <line num="152" count="0" type="stmt"/>
    </file>
  </project>
</coverage>
