{"/Users/mariaward/Documents/carousel-service/client/components/carousel.jsx": {"path":"/Users/mariaward/Documents/carousel-service/client/components/carousel.jsx","statementMap":{"0":{"start":{"line":9,"column":16},"end":{"line":15,"column":1}},"1":{"start":{"line":17,"column":16},"end":{"line":27,"column":1}},"2":{"start":{"line":29,"column":23},"end":{"line":36,"column":1}},"3":{"start":{"line":35,"column":35},"end":{"line":35,"column":53}},"4":{"start":{"line":38,"column":14},"end":{"line":62,"column":1}},"5":{"start":{"line":64,"column":13},"end":{"line":67,"column":1}},"6":{"start":{"line":68,"column":16},"end":{"line":71,"column":1}},"7":{"start":{"line":75,"column":17},"end":{"line":102,"column":1}},"8":{"start":{"line":76,"column":19},"end":{"line":76,"column":23}},"9":{"start":{"line":77,"column":19},"end":{"line":77,"column":23}},"10":{"start":{"line":78,"column":2},"end":{"line":80,"column":3}},"11":{"start":{"line":79,"column":4},"end":{"line":79,"column":23}},"12":{"start":{"line":81,"column":2},"end":{"line":83,"column":3}},"13":{"start":{"line":82,"column":4},"end":{"line":82,"column":23}},"14":{"start":{"line":84,"column":2},"end":{"line":87,"column":3}},"15":{"start":{"line":85,"column":4},"end":{"line":85,"column":22}},"16":{"start":{"line":86,"column":4},"end":{"line":86,"column":22}},"17":{"start":{"line":88,"column":2},"end":{"line":101,"column":3}},"18":{"start":{"line":90,"column":41},"end":{"line":90,"column":65}},"19":{"start":{"line":91,"column":32},"end":{"line":91,"column":49}},"20":{"start":{"line":94,"column":37},"end":{"line":94,"column":90}},"21":{"start":{"line":99,"column":44},"end":{"line":99,"column":67}}},"fnMap":{"0":{"name":"(anonymous_0)","decl":{"start":{"line":35,"column":26},"end":{"line":35,"column":27}},"loc":{"start":{"line":35,"column":35},"end":{"line":35,"column":53}},"line":35},"1":{"name":"(anonymous_1)","decl":{"start":{"line":75,"column":17},"end":{"line":75,"column":18}},"loc":{"start":{"line":75,"column":28},"end":{"line":102,"column":1}},"line":75},"2":{"name":"(anonymous_2)","decl":{"start":{"line":90,"column":34},"end":{"line":90,"column":35}},"loc":{"start":{"line":90,"column":40},"end":{"line":90,"column":66}},"line":90},"3":{"name":"(anonymous_3)","decl":{"start":{"line":91,"column":26},"end":{"line":91,"column":27}},"loc":{"start":{"line":91,"column":32},"end":{"line":91,"column":49}},"line":91},"4":{"name":"(anonymous_4)","decl":{"start":{"line":94,"column":27},"end":{"line":94,"column":28}},"loc":{"start":{"line":94,"column":37},"end":{"line":94,"column":90}},"line":94},"5":{"name":"(anonymous_5)","decl":{"start":{"line":99,"column":37},"end":{"line":99,"column":38}},"loc":{"start":{"line":99,"column":43},"end":{"line":99,"column":68}},"line":99}},"branchMap":{"0":{"loc":{"start":{"line":78,"column":2},"end":{"line":80,"column":3}},"type":"if","locations":[{"start":{"line":78,"column":2},"end":{"line":80,"column":3}},{"start":{"line":78,"column":2},"end":{"line":80,"column":3}}],"line":78},"1":{"loc":{"start":{"line":81,"column":2},"end":{"line":83,"column":3}},"type":"if","locations":[{"start":{"line":81,"column":2},"end":{"line":83,"column":3}},{"start":{"line":81,"column":2},"end":{"line":83,"column":3}}],"line":81},"2":{"loc":{"start":{"line":84,"column":2},"end":{"line":87,"column":3}},"type":"if","locations":[{"start":{"line":84,"column":2},"end":{"line":87,"column":3}},{"start":{"line":84,"column":2},"end":{"line":87,"column":3}}],"line":84},"3":{"loc":{"start":{"line":90,"column":7},"end":{"line":90,"column":112}},"type":"cond-expr","locations":[{"start":{"line":90,"column":19},"end":{"line":90,"column":107}},{"start":{"line":90,"column":110},"end":{"line":90,"column":112}}],"line":90},"4":{"loc":{"start":{"line":99,"column":7},"end":{"line":99,"column":119}},"type":"cond-expr","locations":[{"start":{"line":99,"column":19},"end":{"line":99,"column":115}},{"start":{"line":99,"column":117},"end":{"line":99,"column":119}}],"line":99}},"s":{"0":2,"1":2,"2":2,"3":1,"4":2,"5":2,"6":2,"7":2,"8":2,"9":2,"10":2,"11":0,"12":2,"13":0,"14":2,"15":0,"16":0,"17":2,"18":0,"19":0,"20":2,"21":0},"f":{"0":1,"1":2,"2":0,"3":0,"4":2,"5":0},"b":{"0":[0,2],"1":[0,2],"2":[0,2],"3":[2,0],"4":[2,0]},"_coverageSchema":"1a1c01bbd47fc00a2c39e90264f33305004495a9","hash":"2063467b4aff579d4293d53a4935f178dcbc55fb"}
,"/Users/mariaward/Documents/carousel-service/client/components/container.jsx": {"path":"/Users/mariaward/Documents/carousel-service/client/components/container.jsx","statementMap":{"0":{"start":{"line":7,"column":20},"end":{"line":11,"column":1}},"1":{"start":{"line":13,"column":17},"end":{"line":17,"column":1}},"2":{"start":{"line":21,"column":4},"end":{"line":21,"column":12}},"3":{"start":{"line":22,"column":4},"end":{"line":29,"column":6}},"4":{"start":{"line":30,"column":4},"end":{"line":30,"column":59}},"5":{"start":{"line":31,"column":4},"end":{"line":31,"column":51}},"6":{"start":{"line":32,"column":4},"end":{"line":32,"column":49}},"7":{"start":{"line":33,"column":4},"end":{"line":33,"column":51}},"8":{"start":{"line":34,"column":4},"end":{"line":34,"column":25}},"9":{"start":{"line":35,"column":4},"end":{"line":35,"column":59}},"10":{"start":{"line":40,"column":4},"end":{"line":40,"column":27}},"11":{"start":{"line":41,"column":4},"end":{"line":41,"column":23}},"12":{"start":{"line":45,"column":4},"end":{"line":54,"column":9}},"13":{"start":{"line":47,"column":21},"end":{"line":47,"column":33}},"14":{"start":{"line":48,"column":8},"end":{"line":50,"column":11}},"15":{"start":{"line":53,"column":8},"end":{"line":53,"column":45}},"16":{"start":{"line":58,"column":4},"end":{"line":67,"column":9}},"17":{"start":{"line":60,"column":21},"end":{"line":60,"column":33}},"18":{"start":{"line":61,"column":8},"end":{"line":63,"column":11}},"19":{"start":{"line":66,"column":8},"end":{"line":66,"column":45}},"20":{"start":{"line":71,"column":4},"end":{"line":78,"column":9}},"21":{"start":{"line":73,"column":8},"end":{"line":73,"column":31}},"22":{"start":{"line":74,"column":8},"end":{"line":74,"column":27}},"23":{"start":{"line":77,"column":8},"end":{"line":77,"column":48}},"24":{"start":{"line":82,"column":4},"end":{"line":82,"column":41}},"25":{"start":{"line":83,"column":4},"end":{"line":94,"column":5}},"26":{"start":{"line":84,"column":18},"end":{"line":84,"column":47}},"27":{"start":{"line":86,"column":6},"end":{"line":88,"column":9}},"28":{"start":{"line":90,"column":18},"end":{"line":90,"column":43}},"29":{"start":{"line":91,"column":6},"end":{"line":93,"column":9}},"30":{"start":{"line":98,"column":4},"end":{"line":100,"column":6}},"31":{"start":{"line":99,"column":6},"end":{"line":99,"column":34}},"32":{"start":{"line":101,"column":5},"end":{"line":106,"column":13}},"33":{"start":{"line":102,"column":7},"end":{"line":102,"column":28}},"34":{"start":{"line":103,"column":7},"end":{"line":105,"column":10}},"35":{"start":{"line":107,"column":5},"end":{"line":111,"column":6}},"36":{"start":{"line":108,"column":7},"end":{"line":110,"column":10}},"37":{"start":{"line":115,"column":71},"end":{"line":115,"column":81}},"38":{"start":{"line":116,"column":4},"end":{"line":124,"column":6}}},"fnMap":{"0":{"name":"(anonymous_0)","decl":{"start":{"line":20,"column":2},"end":{"line":20,"column":3}},"loc":{"start":{"line":20,"column":16},"end":{"line":37,"column":3}},"line":20},"1":{"name":"(anonymous_1)","decl":{"start":{"line":39,"column":2},"end":{"line":39,"column":3}},"loc":{"start":{"line":39,"column":22},"end":{"line":42,"column":3}},"line":39},"2":{"name":"(anonymous_2)","decl":{"start":{"line":44,"column":2},"end":{"line":44,"column":3}},"loc":{"start":{"line":44,"column":20},"end":{"line":55,"column":3}},"line":44},"3":{"name":"(anonymous_3)","decl":{"start":{"line":46,"column":13},"end":{"line":46,"column":14}},"loc":{"start":{"line":46,"column":26},"end":{"line":51,"column":7}},"line":46},"4":{"name":"(anonymous_4)","decl":{"start":{"line":52,"column":14},"end":{"line":52,"column":15}},"loc":{"start":{"line":52,"column":23},"end":{"line":54,"column":7}},"line":52},"5":{"name":"(anonymous_5)","decl":{"start":{"line":57,"column":2},"end":{"line":57,"column":3}},"loc":{"start":{"line":57,"column":16},"end":{"line":68,"column":3}},"line":57},"6":{"name":"(anonymous_6)","decl":{"start":{"line":59,"column":13},"end":{"line":59,"column":14}},"loc":{"start":{"line":59,"column":26},"end":{"line":64,"column":7}},"line":59},"7":{"name":"(anonymous_7)","decl":{"start":{"line":65,"column":14},"end":{"line":65,"column":15}},"loc":{"start":{"line":65,"column":23},"end":{"line":67,"column":7}},"line":65},"8":{"name":"(anonymous_8)","decl":{"start":{"line":70,"column":2},"end":{"line":70,"column":3}},"loc":{"start":{"line":70,"column":17},"end":{"line":79,"column":3}},"line":70},"9":{"name":"(anonymous_9)","decl":{"start":{"line":72,"column":13},"end":{"line":72,"column":14}},"loc":{"start":{"line":72,"column":19},"end":{"line":75,"column":7}},"line":72},"10":{"name":"(anonymous_10)","decl":{"start":{"line":76,"column":14},"end":{"line":76,"column":15}},"loc":{"start":{"line":76,"column":23},"end":{"line":78,"column":7}},"line":76},"11":{"name":"(anonymous_11)","decl":{"start":{"line":81,"column":2},"end":{"line":81,"column":3}},"loc":{"start":{"line":81,"column":29},"end":{"line":95,"column":3}},"line":81},"12":{"name":"(anonymous_12)","decl":{"start":{"line":97,"column":2},"end":{"line":97,"column":3}},"loc":{"start":{"line":97,"column":20},"end":{"line":112,"column":3}},"line":97},"13":{"name":"(anonymous_13)","decl":{"start":{"line":101,"column":32},"end":{"line":101,"column":33}},"loc":{"start":{"line":101,"column":38},"end":{"line":106,"column":6}},"line":101},"14":{"name":"(anonymous_14)","decl":{"start":{"line":114,"column":2},"end":{"line":114,"column":3}},"loc":{"start":{"line":114,"column":11},"end":{"line":125,"column":3}},"line":114}},"branchMap":{"0":{"loc":{"start":{"line":83,"column":4},"end":{"line":94,"column":5}},"type":"if","locations":[{"start":{"line":83,"column":4},"end":{"line":94,"column":5}},{"start":{"line":83,"column":4},"end":{"line":94,"column":5}}],"line":83},"1":{"loc":{"start":{"line":98,"column":4},"end":{"line":100,"column":6}},"type":"if","locations":[{"start":{"line":98,"column":4},"end":{"line":100,"column":6}},{"start":{"line":98,"column":4},"end":{"line":100,"column":6}}],"line":98},"2":{"loc":{"start":{"line":107,"column":5},"end":{"line":111,"column":6}},"type":"if","locations":[{"start":{"line":107,"column":5},"end":{"line":111,"column":6}},{"start":{"line":107,"column":5},"end":{"line":111,"column":6}}],"line":107}},"s":{"0":1,"1":1,"2":2,"3":2,"4":2,"5":2,"6":2,"7":2,"8":2,"9":2,"10":2,"11":2,"12":2,"13":0,"14":0,"15":0,"16":2,"17":0,"18":0,"19":0,"20":0,"21":0,"22":0,"23":0,"24":0,"25":0,"26":0,"27":0,"28":0,"29":0,"30":0,"31":0,"32":0,"33":0,"34":0,"35":0,"36":0,"37":2,"38":2},"f":{"0":2,"1":2,"2":2,"3":0,"4":0,"5":2,"6":0,"7":0,"8":0,"9":0,"10":0,"11":0,"12":0,"13":0,"14":2},"b":{"0":[0,0],"1":[0,0],"2":[0,0]},"_coverageSchema":"1a1c01bbd47fc00a2c39e90264f33305004495a9","hash":"c16d28cf7993fd960baa26ff34ebab9d3d338ffc"}
,"/Users/mariaward/Documents/carousel-service/client/components/endCard.jsx": {"path":"/Users/mariaward/Documents/carousel-service/client/components/endCard.jsx","statementMap":{"0":{"start":{"line":6,"column":19},"end":{"line":18,"column":1}},"1":{"start":{"line":20,"column":16},"end":{"line":27,"column":1}},"2":{"start":{"line":29,"column":17},"end":{"line":35,"column":1}},"3":{"start":{"line":37,"column":20},"end":{"line":47,"column":1}},"4":{"start":{"line":49,"column":17},"end":{"line":55,"column":1}},"5":{"start":{"line":57,"column":16},"end":{"line":78,"column":1}},"6":{"start":{"line":80,"column":16},"end":{"line":91,"column":1}},"7":{"start":{"line":81,"column":2},"end":{"line":90,"column":3}}},"fnMap":{"0":{"name":"(anonymous_0)","decl":{"start":{"line":80,"column":16},"end":{"line":80,"column":17}},"loc":{"start":{"line":80,"column":27},"end":{"line":91,"column":1}},"line":80}},"branchMap":{},"s":{"0":3,"1":3,"2":3,"3":3,"4":3,"5":3,"6":3,"7":3},"f":{"0":3},"b":{},"_coverageSchema":"1a1c01bbd47fc00a2c39e90264f33305004495a9","hash":"66e9f8bb0bf71f20449a86e4794c5d83f6d2f3ef"}
,"/Users/mariaward/Documents/carousel-service/client/components/item.jsx": {"path":"/Users/mariaward/Documents/carousel-service/client/components/item.jsx","statementMap":{"0":{"start":{"line":13,"column":16},"end":{"line":15,"column":1}},"1":{"start":{"line":16,"column":18},"end":{"line":18,"column":1}},"2":{"start":{"line":20,"column":15},"end":{"line":36,"column":1}},"3":{"start":{"line":38,"column":14},"end":{"line":46,"column":1}},"4":{"start":{"line":47,"column":20},"end":{"line":55,"column":1}},"5":{"start":{"line":56,"column":19},"end":{"line":63,"column":1}},"6":{"start":{"line":65,"column":13},"end":{"line":67,"column":1}},"7":{"start":{"line":69,"column":13},"end":{"line":71,"column":1}},"8":{"start":{"line":73,"column":13},"end":{"line":75,"column":1}},"9":{"start":{"line":77,"column":19},"end":{"line":89,"column":1}},"10":{"start":{"line":90,"column":15},"end":{"line":97,"column":1}},"11":{"start":{"line":99,"column":18},"end":{"line":110,"column":1}},"12":{"start":{"line":112,"column":20},"end":{"line":119,"column":1}},"13":{"start":{"line":121,"column":22},"end":{"line":132,"column":1}},"14":{"start":{"line":134,"column":17},"end":{"line":141,"column":1}},"15":{"start":{"line":144,"column":13},"end":{"line":161,"column":1}},"16":{"start":{"line":145,"column":2},"end":{"line":160,"column":15}},"17":{"start":{"line":150,"column":8},"end":{"line":150,"column":22}},"18":{"start":{"line":152,"column":8},"end":{"line":152,"column":22}}},"fnMap":{"0":{"name":"(anonymous_0)","decl":{"start":{"line":144,"column":13},"end":{"line":144,"column":14}},"loc":{"start":{"line":145,"column":2},"end":{"line":160,"column":15}},"line":145},"1":{"name":"(anonymous_1)","decl":{"start":{"line":149,"column":45},"end":{"line":149,"column":46}},"loc":{"start":{"line":149,"column":51},"end":{"line":151,"column":7}},"line":149},"2":{"name":"(anonymous_2)","decl":{"start":{"line":151,"column":45},"end":{"line":151,"column":46}},"loc":{"start":{"line":151,"column":51},"end":{"line":152,"column":23}},"line":151}},"branchMap":{"0":{"loc":{"start":{"line":147,"column":7},"end":{"line":147,"column":46}},"type":"cond-expr","locations":[{"start":{"line":147,"column":21},"end":{"line":147,"column":41}},{"start":{"line":147,"column":44},"end":{"line":147,"column":46}}],"line":147},"1":{"loc":{"start":{"line":149,"column":7},"end":{"line":152,"column":26}},"type":"cond-expr","locations":[{"start":{"line":149,"column":19},"end":{"line":151,"column":10}},{"start":{"line":151,"column":13},"end":{"line":152,"column":26}}],"line":149},"2":{"loc":{"start":{"line":154,"column":28},"end":{"line":154,"column":128}},"type":"cond-expr","locations":[{"start":{"line":154,"column":54},"end":{"line":154,"column":76}},{"start":{"line":154,"column":79},"end":{"line":154,"column":128}}],"line":154},"3":{"loc":{"start":{"line":154,"column":79},"end":{"line":154,"column":128}},"type":"cond-expr","locations":[{"start":{"line":154,"column":103},"end":{"line":154,"column":123}},{"start":{"line":154,"column":126},"end":{"line":154,"column":128}}],"line":154}},"s":{"0":3,"1":3,"2":3,"3":3,"4":3,"5":3,"6":3,"7":3,"8":3,"9":3,"10":3,"11":3,"12":3,"13":3,"14":3,"15":3,"16":5,"17":0,"18":0},"f":{"0":5,"1":0,"2":0},"b":{"0":[3,2],"1":[3,2],"2":[0,5],"3":[1,4]},"_coverageSchema":"1a1c01bbd47fc00a2c39e90264f33305004495a9","hash":"f2fff79caa0fba82780ea654d0e68b3ea79676cd"}
}
