TN:
SF:client/components/carousel.jsx
FN:35,(anonymous_0)
FN:75,(anonymous_1)
FN:90,(anonymous_2)
FN:91,(anonymous_3)
FN:94,(anonymous_4)
FN:99,(anonymous_5)
FNF:6
FNH:3
FNDA:1,(anonymous_0)
FNDA:2,(anonymous_1)
FNDA:0,(anonymous_2)
FNDA:0,(anonymous_3)
FNDA:2,(anonymous_4)
FNDA:0,(anonymous_5)
DA:9,2
DA:17,2
DA:29,2
DA:35,1
DA:38,2
DA:64,2
DA:68,2
DA:75,2
DA:76,2
DA:77,2
DA:78,2
DA:79,0
DA:81,2
DA:82,0
DA:84,2
DA:85,0
DA:86,0
DA:88,2
DA:90,0
DA:91,0
DA:94,2
DA:99,0
LF:22
LH:15
BRDA:78,0,0,0
BRDA:78,0,1,2
BRDA:81,1,0,0
BRDA:81,1,1,2
BRDA:84,2,0,0
BRDA:84,2,1,2
BRDA:90,3,0,2
BRDA:90,3,1,0
BRDA:99,4,0,2
BRDA:99,4,1,0
BRF:10
BRH:5
end_of_record
TN:
SF:client/components/container.jsx
FN:20,(anonymous_0)
FN:39,(anonymous_1)
FN:44,(anonymous_2)
FN:46,(anonymous_3)
FN:52,(anonymous_4)
FN:57,(anonymous_5)
FN:59,(anonymous_6)
FN:65,(anonymous_7)
FN:70,(anonymous_8)
FN:72,(anonymous_9)
FN:76,(anonymous_10)
FN:81,(anonymous_11)
FN:97,(anonymous_12)
FN:101,(anonymous_13)
FN:114,(anonymous_14)
FNF:15
FNH:5
FNDA:2,(anonymous_0)
FNDA:2,(anonymous_1)
FNDA:2,(anonymous_2)
FNDA:0,(anonymous_3)
FNDA:0,(anonymous_4)
FNDA:2,(anonymous_5)
FNDA:0,(anonymous_6)
FNDA:0,(anonymous_7)
FNDA:0,(anonymous_8)
FNDA:0,(anonymous_9)
FNDA:0,(anonymous_10)
FNDA:0,(anonymous_11)
FNDA:0,(anonymous_12)
FNDA:0,(anonymous_13)
FNDA:2,(anonymous_14)
DA:7,1
DA:13,1
DA:21,2
DA:22,2
DA:30,2
DA:31,2
DA:32,2
DA:33,2
DA:34,2
DA:35,2
DA:40,2
DA:41,2
DA:45,2
DA:47,0
DA:48,0
DA:53,0
DA:58,2
DA:60,0
DA:61,0
DA:66,0
DA:71,0
DA:73,0
DA:74,0
DA:77,0
DA:82,0
DA:83,0
DA:84,0
DA:86,0
DA:90,0
DA:91,0
DA:98,0
DA:99,0
DA:101,0
DA:102,0
DA:103,0
DA:107,0
DA:108,0
DA:115,2
DA:116,2
LF:39
LH:16
BRDA:83,0,0,0
BRDA:83,0,1,0
BRDA:98,1,0,0
BRDA:98,1,1,0
BRDA:107,2,0,0
BRDA:107,2,1,0
BRF:6
BRH:0
end_of_record
TN:
SF:client/components/endCard.jsx
FN:80,(anonymous_0)
FNF:1
FNH:1
FNDA:3,(anonymous_0)
DA:6,3
DA:20,3
DA:29,3
DA:37,3
DA:49,3
DA:57,3
DA:80,3
DA:81,3
LF:8
LH:8
BRF:0
BRH:0
end_of_record
TN:
SF:client/components/item.jsx
FN:144,(anonymous_0)
FN:149,(anonymous_1)
FN:151,(anonymous_2)
FNF:3
FNH:1
FNDA:5,(anonymous_0)
FNDA:0,(anonymous_1)
FNDA:0,(anonymous_2)
DA:13,3
DA:16,3
DA:20,3
DA:38,3
DA:47,3
DA:56,3
DA:65,3
DA:69,3
DA:73,3
DA:77,3
DA:90,3
DA:99,3
DA:112,3
DA:121,3
DA:134,3
DA:144,3
DA:145,5
DA:150,0
DA:152,0
LF:19
LH:17
BRDA:147,0,0,3
BRDA:147,0,1,2
BRDA:149,1,0,3
BRDA:149,1,1,2
BRDA:154,2,0,0
BRDA:154,2,1,5
BRDA:154,3,0,1
BRDA:154,3,1,4
BRF:8
BRH:7
end_of_record
